<?xml version="1.0" encoding="utf-8"?><testsuites><testsuite name="pytest" errors="0" failures="0" skipped="0" tests="9" time="429.650" timestamp="2025-06-04T14:01:25.041953+05:30" hostname="DESKTOP-L6OISTP"><testcase classname="test_cases.test_home_page.Test01_Myntra_Home_Page" name="test_title_verification" time="50.987" /><testcase classname="test_cases.test_home_page.Test01_Myntra_Home_Page" name="test_hover_women_link" time="54.715" /><testcase classname="test_cases.test_home_page.Test_02_Searchbar_Homepage" name="test_search_correct_data" time="29.698" /><testcase classname="test_cases.test_home_page.Test_02_Searchbar_Homepage" name="test_search_incorrect_data" time="29.110" /><testcase classname="test_cases.test_saree_page.Test02_Myntra_Saree_Page" name="test_filters_saree_page" time="67.150" /><testcase classname="test_cases.test_selected_saree.Test03_myntra_selected_saree_price" name="test_selected_saree_price" time="55.954" /><testcase classname="test_cases.test_selected_saree.Test03_myntra_selected_saree_price" name="test_correct_pincode" time="46.338" /><testcase classname="test_cases.test_selected_saree.Test03_myntra_selected_saree_price" name="test_incorrect_pincode" time="48.300" /><testcase classname="test_cases.test_selected_saree.Test03_myntra_selected_saree_price" name="test_add_to_bag" time="46.782" /></testsuite></testsuites>